<?xml version="1.0" encoding="UTF-8"?>
<testsuite name="com.dws.challenge.AccountsServiceTest" tests="2" skipped="0" failures="0" errors="0" timestamp="2024-09-12T00:14:33" hostname="Sameers-MacBook-Pro.local" time="0.003">
  <properties/>
  <testcase name="addAccount()" classname="com.dws.challenge.AccountsServiceTest" time="0.002"/>
  <testcase name="addAccount_failsOnDuplicateId()" classname="com.dws.challenge.AccountsServiceTest" time="0.001"/>
  <system-out><![CDATA[2024-09-12T05:44:33.450+05:30  INFO 2252 --- [challenge] [    Test worker] t.c.s.AnnotationConfigContextLoaderUtils : Could not detect default configuration classes for test class [com.dws.challenge.AccountsServiceTest]: AccountsServiceTest does not declare any static, non-private, non-final, nested classes annotated with @Configuration.
2024-09-12T05:44:33.450+05:30  INFO 2252 --- [challenge] [    Test worker] .b.t.c.SpringBootTestContextBootstrapper : Found @SpringBootConfiguration com.dws.challenge.ChallengeApplication for test class com.dws.challenge.AccountsServiceTest

  .   ____          _            __ _ _
 /\\ / ___'_ __ _ _(_)_ __  __ _ \ \ \ \
( ( )\___ | '_ | '_| | '_ \/ _` | \ \ \ \
 \\/  ___)| |_)| | | | | || (_| |  ) ) ) )
  '  |____| .__|_| |_|_| |_\__, | / / / /
 =========|_|==============|___/=/_/_/_/

 :: Spring Boot ::                (v3.3.3)

2024-09-12T05:44:33.460+05:30  INFO 2252 --- [challenge] [    Test worker] com.dws.challenge.AccountsServiceTest    : Starting AccountsServiceTest using Java 17.0.4 with PID 2252 (started by sameerbiswas in /Volumes/SKB/Development/Spring/LuxsoftChallance)
2024-09-12T05:44:33.460+05:30  INFO 2252 --- [challenge] [    Test worker] com.dws.challenge.AccountsServiceTest    : No active profile set, falling back to 1 default profile: "default"
2024-09-12T05:44:33.551+05:30  INFO 2252 --- [challenge] [    Test worker] com.dws.challenge.AccountsServiceTest    : Started AccountsServiceTest in 0.099 seconds (process running for 1.586)
]]></system-out>
  <system-err><![CDATA[]]></system-err>
</testsuite>
